  routing.cpp
  Please define _WIN32_WINNT or _WIN32_WINDOWS appropriately. For example:
  - add -D_WIN32_WINNT=0x0601 to the compiler command line; or
  - add _WIN32_WINNT=0x0601 to your project's Preprocessor Definitions.
  Assuming _WIN32_WINNT=0x0601 (i.e. Windows 7 target).
C:\vcpkg\installed\x64-windows\include\crow\json.h(1267,35): warning C4267: "Argument": Konvertierung von "size_t" nach "uint32_t", Datenverlust möglich
  (Quelldatei „routing.cpp“ wird kompiliert)
  
C:\vcpkg\installed\x64-windows\include\crow\json.h(1749,32): warning C4267: "return": Konvertierung von "size_t" nach "int", Datenverlust möglich
  (Quelldatei „routing.cpp“ wird kompiliert)
  
C:\vcpkg\installed\x64-windows\include\crow\mustache.h(180,33): warning C4267: "Initialisierung": Konvertierung von "size_t" nach "int", Datenverlust möglich
  (Quelldatei „routing.cpp“ wird kompiliert)
  
C:\vcpkg\installed\x64-windows\include\crow\mustache.h(199,48): warning C4267: "=": Konvertierung von "size_t" nach "int", Datenverlust möglich
  (Quelldatei „routing.cpp“ wird kompiliert)
  
C:\vcpkg\installed\x64-windows\include\crow\mustache.h(201,53): warning C4267: "Argument": Konvertierung von "size_t" nach "_Ty", Datenverlust möglich
C:\vcpkg\installed\x64-windows\include\crow\mustache.h(201,53): warning C4267:         with
C:\vcpkg\installed\x64-windows\include\crow\mustache.h(201,53): warning C4267:         [
C:\vcpkg\installed\x64-windows\include\crow\mustache.h(201,53): warning C4267:             _Ty=int
C:\vcpkg\installed\x64-windows\include\crow\mustache.h(201,53): warning C4267:         ]
  (Quelldatei „routing.cpp“ wird kompiliert)
  
C:\vcpkg\installed\x64-windows\include\crow\mustache.h(302,94): warning C4267: "Argument": Konvertierung von "size_t" nach "int", Datenverlust möglich
  (Quelldatei „routing.cpp“ wird kompiliert)
  
C:\vcpkg\installed\x64-windows\include\crow\mustache.h(450,54): warning C4267: "Argument": Konvertierung von "size_t" nach "int", Datenverlust möglich
  (Quelldatei „routing.cpp“ wird kompiliert)
  
C:\vcpkg\installed\x64-windows\include\crow\mustache.h(461,54): warning C4267: "Argument": Konvertierung von "size_t" nach "int", Datenverlust möglich
  (Quelldatei „routing.cpp“ wird kompiliert)
  
C:\vcpkg\installed\x64-windows\include\crow\mustache.h(479,54): warning C4267: "Argument": Konvertierung von "size_t" nach "int", Datenverlust möglich
  (Quelldatei „routing.cpp“ wird kompiliert)
  
C:\vcpkg\installed\x64-windows\include\crow\mustache.h(490,54): warning C4267: "Argument": Konvertierung von "size_t" nach "int", Datenverlust möglich
  (Quelldatei „routing.cpp“ wird kompiliert)
  
C:\vcpkg\installed\x64-windows\include\crow\routing.h(782,74): warning C4566: Das durch den universellen Zeichennamen "\u2514" dargestellte Zeichen kann in der aktuellen Codepage (1252) nicht dargestellt werden.
  (Quelldatei „routing.cpp“ wird kompiliert)
  
C:\vcpkg\installed\x64-windows\include\crow\routing.h(782,74): warning C4566: Das durch den universellen Zeichennamen "\u279D" dargestellte Zeichen kann in der aktuellen Codepage (1252) nicht dargestellt werden.
  (Quelldatei „routing.cpp“ wird kompiliert)
  
C:\vcpkg\installed\x64-windows\include\crow\routing.h(786,74): warning C4566: Das durch den universellen Zeichennamen "\u2514" dargestellte Zeichen kann in der aktuellen Codepage (1252) nicht dargestellt werden.
  (Quelldatei „routing.cpp“ wird kompiliert)
  
C:\vcpkg\installed\x64-windows\include\crow\routing.h(786,74): warning C4566: Das durch den universellen Zeichennamen "\u279D" dargestellte Zeichen kann in der aktuellen Codepage (1252) nicht dargestellt werden.
  (Quelldatei „routing.cpp“ wird kompiliert)
  
C:\vcpkg\installed\x64-windows\include\crow\routing.h(790,74): warning C4566: Das durch den universellen Zeichennamen "\u2514" dargestellte Zeichen kann in der aktuellen Codepage (1252) nicht dargestellt werden.
  (Quelldatei „routing.cpp“ wird kompiliert)
  
C:\vcpkg\installed\x64-windows\include\crow\routing.h(790,74): warning C4566: Das durch den universellen Zeichennamen "\u279D" dargestellte Zeichen kann in der aktuellen Codepage (1252) nicht dargestellt werden.
  (Quelldatei „routing.cpp“ wird kompiliert)
  
C:\vcpkg\installed\x64-windows\include\crow\routing.h(794,74): warning C4566: Das durch den universellen Zeichennamen "\u2514" dargestellte Zeichen kann in der aktuellen Codepage (1252) nicht dargestellt werden.
  (Quelldatei „routing.cpp“ wird kompiliert)
  
C:\vcpkg\installed\x64-windows\include\crow\routing.h(794,74): warning C4566: Das durch den universellen Zeichennamen "\u279D" dargestellte Zeichen kann in der aktuellen Codepage (1252) nicht dargestellt werden.
  (Quelldatei „routing.cpp“ wird kompiliert)
  
C:\vcpkg\installed\x64-windows\include\crow\routing.h(798,74): warning C4566: Das durch den universellen Zeichennamen "\u2514" dargestellte Zeichen kann in der aktuellen Codepage (1252) nicht dargestellt werden.
  (Quelldatei „routing.cpp“ wird kompiliert)
  
C:\vcpkg\installed\x64-windows\include\crow\routing.h(798,74): warning C4566: Das durch den universellen Zeichennamen "\u279D" dargestellte Zeichen kann in der aktuellen Codepage (1252) nicht dargestellt werden.
  (Quelldatei „routing.cpp“ wird kompiliert)
  
C:\vcpkg\installed\x64-windows\include\crow\routing.h(802,74): warning C4566: Das durch den universellen Zeichennamen "\u2514" dargestellte Zeichen kann in der aktuellen Codepage (1252) nicht dargestellt werden.
  (Quelldatei „routing.cpp“ wird kompiliert)
  
C:\vcpkg\installed\x64-windows\include\crow\routing.h(802,74): warning C4566: Das durch den universellen Zeichennamen "\u279D" dargestellte Zeichen kann in der aktuellen Codepage (1252) nicht dargestellt werden.
  (Quelldatei „routing.cpp“ wird kompiliert)
  
C:\vcpkg\installed\x64-windows\include\crow\routing.h(808,66): warning C4566: Das durch den universellen Zeichennamen "\u2514" dargestellte Zeichen kann in der aktuellen Codepage (1252) nicht dargestellt werden.
  (Quelldatei „routing.cpp“ wird kompiliert)
  
C:\vcpkg\installed\x64-windows\include\crow\routing.h(808,66): warning C4566: Das durch den universellen Zeichennamen "\u279D" dargestellte Zeichen kann in der aktuellen Codepage (1252) nicht dargestellt werden.
  (Quelldatei „routing.cpp“ wird kompiliert)
  
C:\vcpkg\installed\x64-windows\include\crow\routing.h(819,31): warning C4566: Das durch den universellen Zeichennamen "\u2514" dargestellte Zeichen kann in der aktuellen Codepage (1252) nicht dargestellt werden.
  (Quelldatei „routing.cpp“ wird kompiliert)
  
C:\vcpkg\installed\x64-windows\include\crow\routing.h(819,31): warning C4566: Das durch den universellen Zeichennamen "\u2799" dargestellte Zeichen kann in der aktuellen Codepage (1252) nicht dargestellt werden.
  (Quelldatei „routing.cpp“ wird kompiliert)
  
C:\vcpkg\installed\x64-windows\include\crow\routing.h(882,70): warning C4244: "Argument": Konvertierung von "__int64" in "unsigned int", möglicher Datenverlust
  (Quelldatei „routing.cpp“ wird kompiliert)
  
C:\vcpkg\installed\x64-windows\include\crow\routing.h(903,70): warning C4244: "Argument": Konvertierung von "__int64" in "unsigned int", möglicher Datenverlust
  (Quelldatei „routing.cpp“ wird kompiliert)
  
C:\vcpkg\installed\x64-windows\include\crow\routing.h(924,70): warning C4244: "Argument": Konvertierung von "__int64" in "unsigned int", möglicher Datenverlust
  (Quelldatei „routing.cpp“ wird kompiliert)
  
C:\vcpkg\installed\x64-windows\include\crow\routing.h(946,61): warning C4267: "Argument": Konvertierung von "size_t" nach "unsigned int", Datenverlust möglich
  (Quelldatei „routing.cpp“ wird kompiliert)
  
C:\vcpkg\installed\x64-windows\include\crow\routing.h(962,61): warning C4267: "Argument": Konvertierung von "size_t" nach "unsigned int", Datenverlust möglich
  (Quelldatei „routing.cpp“ wird kompiliert)
  
C:\vcpkg\installed\x64-windows\include\crow\routing.h(977,61): warning C4267: "Argument": Konvertierung von "size_t" nach "unsigned int", Datenverlust möglich
  (Quelldatei „routing.cpp“ wird kompiliert)
  
C:\vcpkg\installed\x64-windows\include\crow\routing.h(1032,53): warning C4267: "+=": Konvertierung von "size_t" nach "unsigned int", Datenverlust möglich
  (Quelldatei „routing.cpp“ wird kompiliert)
  
C:\vcpkg\installed\x64-windows\include\crow\routing.h(1043,45): warning C4267: "+=": Konvertierung von "size_t" nach "unsigned int", Datenverlust möglich
  (Quelldatei „routing.cpp“ wird kompiliert)
  
C:\vcpkg\installed\x64-windows\include\crow\routing.h(1296,101): warning C4267: "Argument": Konvertierung von "size_t" nach "unsigned int", Datenverlust möglich
  (Quelldatei „routing.cpp“ wird kompiliert)
  
C:\vcpkg\installed\x64-windows\include\crow\routing.h(1296,87): warning C4267: "Argument": Konvertierung von "size_t" nach "uint16_t", Datenverlust möglich
  (Quelldatei „routing.cpp“ wird kompiliert)
  
C:\vcpkg\installed\x64-windows\include\crow\routing.h(1302,118): warning C4267: "Argument": Konvertierung von "size_t" nach "unsigned int", Datenverlust möglich
  (Quelldatei „routing.cpp“ wird kompiliert)
  
C:\vcpkg\installed\x64-windows\include\crow\routing.h(1363,111): warning C4267: "Argument": Konvertierung von "size_t" nach "unsigned int", Datenverlust möglich
  (Quelldatei „routing.cpp“ wird kompiliert)
  
C:\vcpkg\installed\x64-windows\include\crow\routing.h(1508,24): warning C4267: "Initialisierung": Konvertierung von "size_t" nach "int", Datenverlust möglich
  (Quelldatei „routing.cpp“ wird kompiliert)
  
C:\vcpkg\installed\x64-windows\include\crow\http_parser_merged.h(587,32): warning C4244: "=": Konvertierung von "__int64" in "unsigned long", möglicher Datenverlust
  (Quelldatei „routing.cpp“ wird kompiliert)
  
C:\vcpkg\installed\x64-windows\include\crow\http_parser_merged.h(607,32): warning C4244: "=": Konvertierung von "__int64" in "unsigned long", möglicher Datenverlust
  (Quelldatei „routing.cpp“ wird kompiliert)
  
C:\vcpkg\installed\x64-windows\include\crow\http_server.h(237,37): warning C4267: "=": Konvertierung von "size_t" nach "uint16_t", Datenverlust möglich
  (Quelldatei „routing.cpp“ wird kompiliert)
      C:\vcpkg\installed\x64-windows\include\crow\http_server.h(237,37):
      der Vorlageninstanziierungskontext (der älteste zuerst) ist
          C:\LocalExpansionGraphAlgorithm\A-Star_and_ALT\A-Star_and_ALT\routing.cpp(162,21):
          Siehe Verweis auf die gerade kompilierte Klasse Vorlage-Instanziierung "crow::Crow<>".
          C:\vcpkg\installed\x64-windows\include\crow\app.h(501,14):
          beim Kompilieren der Klasse Vorlage-Memberfunktion "void crow::Crow<>::run(void)"
              C:\LocalExpansionGraphAlgorithm\A-Star_and_ALT\A-Star_and_ALT\routing.cpp(319,45):
              Ersten Verweis auf "crow::Crow<>::run" in "main_all5Algos" anzeigen
          C:\vcpkg\installed\x64-windows\include\crow\app.h(534,26):
          Siehe Verweis auf die gerade kompilierte Klasse Vorlage-Instanziierung "crow::Server<crow::Crow<>,crow::SocketAdaptor>".
          C:\vcpkg\installed\x64-windows\include\crow\http_server.h(226,18):
          beim Kompilieren der Klasse Vorlage-Memberfunktion "uint16_t crow::Server<crow::Crow<>,crow::SocketAdaptor>::pick_io_context_idx(void)"
              C:\vcpkg\installed\x64-windows\include\crow\http_server.h(246,38):
              Ersten Verweis auf "crow::Server<crow::Crow<>,crow::SocketAdaptor>::pick_io_context_idx" in "crow::Server<crow::Crow<>,crow::SocketAdaptor>::do_accept" anzeigen
              C:\vcpkg\installed\x64-windows\include\crow\http_server.h(173,22):
              Ersten Verweis auf "crow::Server<crow::Crow<>,crow::SocketAdaptor>::do_accept" in "crow::Server<crow::Crow<>,crow::SocketAdaptor>::run" anzeigen
              C:\vcpkg\installed\x64-windows\include\crow\app.h(540,29):
              Ersten Verweis auf "crow::Server<crow::Crow<>,crow::SocketAdaptor>::run" in "crow::Crow<>::run" anzeigen
              C:\LocalExpansionGraphAlgorithm\A-Star_and_ALT\A-Star_and_ALT\routing.cpp(319,45):
              Ersten Verweis auf "crow::Crow<>::run" in "main_all5Algos" anzeigen
  
C:\vcpkg\installed\x64-windows\include\crow\http_connection.h(479,75): warning C4244: "Argument": Konvertierung von "unsigned __int64" in "int", möglicher Datenverlust
  (Quelldatei „routing.cpp“ wird kompiliert)
      C:\vcpkg\installed\x64-windows\include\crow\http_connection.h(479,75):
      der Vorlageninstanziierungskontext (der älteste zuerst) ist
          C:\vcpkg\installed\x64-windows\include\crow\http_server.h(242,14):
          beim Kompilieren der Klasse Vorlage-Memberfunktion "void crow::Server<crow::Crow<>,crow::SocketAdaptor>::do_accept(void)"
              C:\vcpkg\installed\x64-windows\include\crow\http_server.h(173,22):
              Ersten Verweis auf "crow::Server<crow::Crow<>,crow::SocketAdaptor>::do_accept" in "crow::Server<crow::Crow<>,crow::SocketAdaptor>::run" anzeigen
              C:\vcpkg\installed\x64-windows\include\crow\app.h(540,29):
              Ersten Verweis auf "crow::Server<crow::Crow<>,crow::SocketAdaptor>::run" in "crow::Crow<>::run" anzeigen
              C:\LocalExpansionGraphAlgorithm\A-Star_and_ALT\A-Star_and_ALT\routing.cpp(319,45):
              Ersten Verweis auf "crow::Crow<>::run" in "main_all5Algos" anzeigen
          C:\vcpkg\installed\x64-windows\include\crow\http_server.h(256,19):
          Siehe Verweis auf die gerade kompilierte Klasse Vorlage-Instanziierung "crow::Connection<Adaptor,Handler>".
          with
          [
              Adaptor=crow::SocketAdaptor,
              Handler=crow::Crow<>
          ]
          C:\vcpkg\installed\x64-windows\include\crow\http_connection.h(470,14):
          beim Kompilieren der Klasse Vorlage-Memberfunktion "void crow::Connection<Adaptor,Handler>::do_read(void)"
          with
          [
              Adaptor=crow::SocketAdaptor,
              Handler=crow::Crow<>
          ]
              C:\vcpkg\installed\x64-windows\include\crow\http_connection.h(101,34):
              Ersten Verweis auf "crow::Connection<Adaptor,Handler>::do_read" in "crow::Connection<Adaptor,Handler>::start::<lambda_1>::operator ()" anzeigen
          with
          [
              Adaptor=crow::SocketAdaptor,
              Handler=crow::Crow<>
          ]
  
C:\vcpkg\installed\x64-windows\include\crow\parser.h(127,25): warning C4267: "Initialisierung": Konvertierung von "size_t" nach "int", Datenverlust möglich
  (Quelldatei „routing.cpp“ wird kompiliert)
      C:\vcpkg\installed\x64-windows\include\crow\parser.h(127,25):
      der Vorlageninstanziierungskontext (der älteste zuerst) ist
          C:\vcpkg\installed\x64-windows\include\crow\http_connection.h(597,32):
          Siehe Verweis auf die gerade kompilierte Klasse Vorlage-Instanziierung "crow::HTTPParser<crow::Connection<Adaptor,Handler>>".
          with
          [
              Adaptor=crow::SocketAdaptor,
              Handler=crow::Crow<>
          ]
          C:\vcpkg\installed\x64-windows\include\crow\parser.h(111,14):
          beim Kompilieren der Klasse Vorlage-Memberfunktion "bool crow::HTTPParser<crow::Connection<Adaptor,Handler>>::feed(const char *,int)"
          with
          [
              Adaptor=crow::SocketAdaptor,
              Handler=crow::Crow<>
          ]
              C:\vcpkg\installed\x64-windows\include\crow\http_connection.h(479,32):
              Ersten Verweis auf "crow::HTTPParser<crow::Connection<Adaptor,Handler>>::feed" in "crow::Connection<Adaptor,Handler>::do_read::<lambda_1>::operator ()" anzeigen
          with
          [
              Adaptor=crow::SocketAdaptor,
              Handler=crow::Crow<>
          ]
  
  Code wird generiert.
  97 of 7395 functions ( 1.3%) were compiled, the rest were copied from previous compilation.
    0 functions were new in current compilation
    725 functions had inline decision re-evaluated but remain unchanged
  Codegenerierung ist abgeschlossen.
  A-Star_and_ALT.vcxproj -> C:\LocalExpansionGraphAlgorithm\A-Star_and_ALT\x64\Release\A-Star_and_ALT.exe
  Der Befehl "pwsh.exe" ist entweder falsch geschrieben oder
  konnte nicht gefunden werden.
